[debug] [2023-10-24T15:57:18.193Z] ----------------------------------------------------------------------
[debug] [2023-10-24T15:57:18.197Z] Command:       C:\Program Files\nodejs\node.exe C:\Users\souma\AppData\Roaming\npm\node_modules\firebase-tools\lib\bin\firebase.js init hosting
[debug] [2023-10-24T15:57:18.198Z] CLI Version:   12.7.0
[debug] [2023-10-24T15:57:18.198Z] Platform:      win32
[debug] [2023-10-24T15:57:18.198Z] Node Version:  v20.8.1
[debug] [2023-10-24T15:57:18.199Z] Time:          Tue Oct 24 2023 21:27:18 GMT+0530 (India Standard Time)
[debug] [2023-10-24T15:57:18.199Z] ----------------------------------------------------------------------
[debug] 
[debug] [2023-10-24T15:57:18.311Z] > command requires scopes: ["email","openid","https://www.googleapis.com/auth/cloudplatformprojects.readonly","https://www.googleapis.com/auth/firebase","https://www.googleapis.com/auth/cloud-platform"]
[debug] [2023-10-24T15:57:18.312Z] > authorizing via signed-in user (soumalya.banerjee2008@gmail.com)
[info] 
     ######## #### ########  ######## ########     ###     ######  ########
     ##        ##  ##     ## ##       ##     ##  ##   ##  ##       ##
     ######    ##  ########  ######   ########  #########  ######  ######
     ##        ##  ##    ##  ##       ##     ## ##     ##       ## ##
     ##       #### ##     ## ######## ########  ##     ##  ######  ########

You're about to initialize a Firebase project in this directory:

  C:\Users\souma\OneDrive\Desktop\perfume\code

Before we get started, keep in mind:

  * You are initializing within an existing Firebase project directory

[info] 
=== Project Setup
[info] 
[info] First, let's associate this project directory with a Firebase project.
[info] You can create multiple project aliases by running firebase use --add, 
[info] but for now we'll just set up a default project.
[info] 
[debug] [2023-10-24T15:57:46.398Z] Using project from CLI flag: perfumeweb-771b4
[debug] [2023-10-24T15:57:46.402Z] >>> [apiv2][query] GET https://firebase.googleapis.com/v1beta1/projects/perfumeweb-771b4 [none]
[debug] [2023-10-24T15:57:46.945Z] <<< [apiv2][status] GET https://firebase.googleapis.com/v1beta1/projects/perfumeweb-771b4 200
[debug] [2023-10-24T15:57:46.945Z] <<< [apiv2][body] GET https://firebase.googleapis.com/v1beta1/projects/perfumeweb-771b4 {"projectId":"perfumeweb-771b4","projectNumber":"643118479670","displayName":"perfumeweb","name":"projects/perfumeweb-771b4","resources":{"hostingSite":"perfumeweb-771b4","realtimeDatabaseInstance":"perfumeweb-771b4-default-rtdb"},"state":"ACTIVE","etag":"1_a191c452-9a59-4f97-9c66-650910bf16ad"}
[info] i  Using project perfumeweb-771b4 (perfumeweb) 
[info] 
=== Hosting Setup
[info] 
[info] Your public directory is the folder (relative to your project directory) that
[info] will contain Hosting assets to be uploaded with firebase deploy. If you
[info] have a build process for your assets, use your build's output directory.
[info] 
[debug] [2023-10-24T15:58:34.570Z] >>> [apiv2][query] GET https://www.gstatic.com/firebasejs/releases.json [none]
[debug] [2023-10-24T15:58:34.740Z] <<< [apiv2][status] GET https://www.gstatic.com/firebasejs/releases.json 200
[debug] [2023-10-24T15:58:34.741Z] <<< [apiv2][body] GET https://www.gstatic.com/firebasejs/releases.json {"current":{"version":"10.5.0","browserURL":"https://www.gstatic.com/firebasejs/10.5.0/firebase.js","packageURL":"https://www.gstatic.com/firebasejs/10.5.0/firebase.tgz"},"live":{"version":"10.5","browserURL":"https://www.gstatic.com/firebasejs/live/10.5/firebase.js","packageURL":"https://www.gstatic.com/firebasejs/live/10.5/firebase.tgz"},"components":{"analytics":"https://www.gstatic.com/firebasejs/10.5.0/firebase-analytics.js","app":"https://www.gstatic.com/firebasejs/10.5.0/firebase-app.js","app-check":"https://www.gstatic.com/firebasejs/10.5.0/firebase-app-check.js","auth":"https://www.gstatic.com/firebasejs/10.5.0/firebase-auth.js","auth/cordova":"https://www.gstatic.com/firebasejs/10.5.0/firebase-auth/cordova.js","functions":"https://www.gstatic.com/firebasejs/10.5.0/firebase-functions.js","firestore":"https://www.gstatic.com/firebasejs/10.5.0/firebase-firestore.js","firestore/lite":"https://www.gstatic.com/firebasejs/10.5.0/firebase-firestore/lite.js","installations":"https://www.gstatic.com/firebasejs/10.5.0/firebase-installations.js","storage":"https://www.gstatic.com/firebasejs/10.5.0/firebase-storage.js","performance":"https://www.gstatic.com/firebasejs/10.5.0/firebase-performance.js","remote-config":"https://www.gstatic.com/firebasejs/10.5.0/firebase-remote-config.js","messaging":"https://www.gstatic.com/firebasejs/10.5.0/firebase-messaging.js","messaging/sw":"https://www.gstatic.com/firebasejs/10.5.0/firebase-messaging/sw.js","database":"https://www.gstatic.com/firebasejs/10.5.0/firebase-database.js","firestore.memory":"https://www.gstatic.com/firebasejs/10.5.0/firebase-firestore.memory.js"}}
[info] +  Wrote public/index.html 
[info] 
[info] i  Didn't detect a .git folder. Assuming C:\Users\souma\OneDrive\Desktop\perfume\code is the project root. 
[info] i  Authorizing with GitHub to upload your service account to a GitHub repository's secrets store. 
[info] 
[info] Visit this URL on this device to log in:
[info] https://github.com/login/oauth/authorize?client_id=89cf50f02ac6aaed3484&state=679204197&redirect_uri=http%3A%2F%2Flocalhost%3A9005&scope=read%3Auser%20repo%20public_repo
[info] 
[info] Waiting for authentication...
[debug] [2023-10-24T15:58:54.090Z] >>> [apiv2][query] POST https://github.com/login/oauth/access_token [none]
[debug] [2023-10-24T15:58:54.090Z] >>> [apiv2][body] POST https://github.com/login/oauth/access_token [stream]
[debug] [2023-10-24T15:58:54.484Z] <<< [apiv2][status] POST https://github.com/login/oauth/access_token 200
[debug] [2023-10-24T15:58:54.486Z] <<< [apiv2][body] POST https://github.com/login/oauth/access_token {"access_token":"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","token_type":"bearer","scope":"read:user,repo"}
[debug] [2023-10-24T15:58:54.499Z] >>> [apiv2][query] GET https://api.github.com/user [none]
[debug] [2023-10-24T15:58:54.912Z] <<< [apiv2][status] GET https://api.github.com/user 200
[debug] [2023-10-24T15:58:54.912Z] <<< [apiv2][body] GET https://api.github.com/user {"login":"SoumalyaBanerjee","id":40776477,"node_id":"MDQ6VXNlcjQwNzc2NDc3","avatar_url":"https://avatars.githubusercontent.com/u/40776477?v=4","gravatar_id":"","url":"https://api.github.com/users/SoumalyaBanerjee","html_url":"https://github.com/SoumalyaBanerjee","followers_url":"https://api.github.com/users/SoumalyaBanerjee/followers","following_url":"https://api.github.com/users/SoumalyaBanerjee/following{/other_user}","gists_url":"https://api.github.com/users/SoumalyaBanerjee/gists{/gist_id}","starred_url":"https://api.github.com/users/SoumalyaBanerjee/starred{/owner}{/repo}","subscriptions_url":"https://api.github.com/users/SoumalyaBanerjee/subscriptions","organizations_url":"https://api.github.com/users/SoumalyaBanerjee/orgs","repos_url":"https://api.github.com/users/SoumalyaBanerjee/repos","events_url":"https://api.github.com/users/SoumalyaBanerjee/events{/privacy}","received_events_url":"https://api.github.com/users/SoumalyaBanerjee/received_events","type":"User","site_admin":false,"name":null,"company":null,"blog":"","location":null,"email":null,"hireable":null,"bio":null,"twitter_username":null,"public_repos":2,"public_gists":0,"followers":0,"following":0,"created_at":"2018-07-02T21:42:38Z","updated_at":"2023-10-24T00:44:37Z","private_gists":0,"total_private_repos":0,"owned_private_repos":0,"disk_usage":0,"collaborators":0,"two_factor_authentication":false,"plan":{"name":"free","space":976562499,"collaborators":0,"private_repos":10000}}
[info] 
[info] +  Success! Logged into GitHub as SoumalyaBanerjee 
[info] 
